<?xml version="1.0" encoding="UTF-8" ?>
<testsuite errors="0" failures="1" hostname="dev-nkm" name="oata.HelloWorldTest" skipped="0" tests="2" time="0.212" timestamp="2025-09-09T10:08:41">
  <properties>
    <property name="ant.library.dir" value="/development/apache-ant-1.10.15/lib" />
    <property name="ant.file.type" value="file" />
    <property name="java.specification.version" value="21" />
    <property name="ant.project.name" value="HelloWorld" />
    <property name="sun.jnu.encoding" value="UTF-8" />
    <property name="java.class.path" value="/development/sampleAntProject/lib/hamcrest-core-1.3.jar:/development/sampleAntProject/lib/junit-4.13.2.jar:/development/sampleAntProject/lib/log4j-1.2.17.jar:/development/sampleAntProject/build/jar/HelloWorld.jar:/development/apache-ant-1.10.15/lib/ant-launcher.jar:/development/apache-ant-1.10.15/lib/ant.jar:/development/apache-ant-1.10.15/lib/ant-junit.jar:/development/apache-ant-1.10.15/lib/ant-junit4.jar" />
    <property name="java.vm.vendor" value="Red Hat, Inc." />
    <property name="jar.dir" value="build/jar" />
    <property name="sun.arch.data.model" value="64" />
    <property name="main-class" value="oata.HelloWorld" />
    <property name="java.vendor.url" value="https://www.redhat.com/" />
    <property name="java.vm.specification.version" value="21" />
    <property name="os.name" value="Linux" />
    <property name="sun.java.launcher" value="SUN_STANDARD" />
    <property name="user.country" value="IN" />
    <property name="sun.boot.library.path" value="/usr/lib/jvm/java-21-openjdk/lib" />
    <property name="sun.java.command" value="org.apache.tools.ant.taskdefs.optional.junit.JUnitTestRunner oata.HelloWorldTest skipNonTests=false filtertrace=true haltOnError=false haltOnFailure=false formatter=org.apache.tools.ant.taskdefs.optional.junit.SummaryJUnitResultFormatter showoutput=false outputtoformatters=true logfailedtests=true threadid=0 logtestlistenerevents=false formatter=org.apache.tools.ant.taskdefs.optional.junit.XMLJUnitResultFormatter,/development/sampleAntProject/build/junitreport/TEST-oata.HelloWorldTest.xml crashfile=/development/sampleAntProject/junitvmwatcher13872791544700660602.properties propsfile=/development/sampleAntProject/junit17533576205738550215.properties" />
    <property name="jdk.debug" value="release" />
    <property name="sun.cpu.endian" value="little" />
    <property name="user.home" value="/home/naveen" />
    <property name="user.language" value="en" />
    <property name="java.specification.vendor" value="Oracle Corporation" />
    <property name="java.version.date" value="2025-07-15" />
    <property name="java.home" value="/usr/lib/jvm/java-21-openjdk" />
    <property name="basedir" value="/development/sampleAntProject" />
    <property name="file.separator" value="/" />
    <property name="java.vm.compressedOopsMode" value="32-bit" />
    <property name="line.separator" value="&#xa;" />
    <property name="ant.java.version" value="21" />
    <property name="java.specification.name" value="Java Platform API Specification" />
    <property name="java.vm.specification.vendor" value="Oracle Corporation" />
    <property name="sun.management.compiler" value="HotSpot 64-Bit Tiered Compilers" />
    <property name="java.runtime.version" value="21.0.8+9-LTS" />
    <property name="user.name" value="naveen" />
    <property name="ant.file" value="/development/sampleAntProject/build.xml" />
    <property name="stdout.encoding" value="UTF-8" />
    <property name="path.separator" value=":" />
    <property name="os.version" value="6.12.0-125.el10.x86_64" />
    <property name="java.runtime.name" value="OpenJDK Runtime Environment" />
    <property name="file.encoding" value="UTF-8" />
    <property name="ant.project.invoked-targets" value="junit" />
    <property name="java.vm.name" value="OpenJDK 64-Bit Server VM" />
    <property name="java.vendor.version" value="(Red_Hat-21.0.8.0.9-1)" />
    <property name="ant.file.HelloWorld" value="/development/sampleAntProject/build.xml" />
    <property name="report.dir" value="build/junitreport" />
    <property name="build.dir" value="build" />
    <property name="ant.core.lib" value="/development/apache-ant-1.10.15/lib/ant.jar" />
    <property name="java.vendor.url.bug" value="https://access.redhat.com/support/cases/" />
    <property name="java.io.tmpdir" value="/tmp" />
    <property name="java.version" value="21.0.8" />
    <property name="user.dir" value="/development/sampleAntProject" />
    <property name="os.arch" value="amd64" />
    <property name="java.vm.specification.name" value="Java Virtual Machine Specification" />
    <property name="ant.home" value="/development/apache-ant-1.10.15" />
    <property name="lib.dir" value="lib" />
    <property name="native.encoding" value="UTF-8" />
    <property name="ant.version" value="Apache Ant(TM) version 1.10.15 compiled on August 25 2024" />
    <property name="java.library.path" value="/usr/java/packages/lib:/usr/lib64:/lib64:/lib:/usr/lib" />
    <property name="java.vendor" value="Red Hat, Inc." />
    <property name="stderr.encoding" value="UTF-8" />
    <property name="java.vm.info" value="mixed mode, sharing" />
    <property name="java.vm.version" value="21.0.8+9-LTS" />
    <property name="classes.dir" value="build/classes" />
    <property name="ant.file.type.HelloWorld" value="file" />
    <property name="sun.io.unicode.encoding" value="UnicodeLittle" />
    <property name="java.class.version" value="65.0" />
    <property name="src.dir" value="src" />
    <property name="ant.project.default-target" value="main" />
  </properties>
  <testcase classname="oata.HelloWorldTest" name="testWillAlwaysFail" time="0.008">
    <failure message="An error message" type="junit.framework.AssertionFailedError">junit.framework.AssertionFailedError: An error message
	at oata.HelloWorldTest.testWillAlwaysFail(Unknown Source)
	at java.base/jdk.internal.reflect.DirectMethodHandleAccessor.invoke(DirectMethodHandleAccessor.java:103)
</failure>
  </testcase>
  <testcase classname="oata.HelloWorldTest" name="testNothing" time="0.0" />
  <system-out><![CDATA[]]></system-out>
  <system-err><![CDATA[]]></system-err>
</testsuite>
